<?xml version="1.0" encoding="UTF-8"?>
<!-- Generated by org.testng.reporters.JUnitReportReporter -->
<testsuite hostname="DESKTOP-SKRGRIP" failures="0" tests="5" name="Test_Cases.Login_Crendential_Test001" time="0.284" errors="0" timestamp="2024-07-26T13:02:56 IST" skipped="0">
  <testcase classname="Test_Cases.Login_Crendential_Test001" name="Login_Test" time="0.034"/>
  <testcase classname="Test_Cases.Login_Crendential_Test001" name="Login_Test" time="0.139"/>
  <testcase classname="Test_Cases.Login_Crendential_Test001" name="Login_Test" time="0.037"/>
  <testcase classname="Test_Cases.Login_Crendential_Test001" name="Login_Test" time="0.031"/>
  <testcase classname="Test_Cases.Login_Crendential_Test001" name="Login_Test" time="0.043"/>
</testsuite> <!-- Test_Cases.Login_Crendential_Test001 -->
