<?xml version="1.0" encoding="UTF-8"?>
<!-- Generated by org.testng.reporters.JUnitReportReporter -->
<testsuite hostname="DESKTOP-SKRGRIP" failures="0" tests="5" name="Test_Cases.Login_Credential_Test002" time="0.330" errors="0" timestamp="2024-07-26T13:15:19 IST" skipped="0">
  <testcase classname="Test_Cases.Login_Credential_Test002" name="Login_Test" time="0.054"/>
  <testcase classname="Test_Cases.Login_Credential_Test002" name="Login_Test" time="0.057"/>
  <testcase classname="Test_Cases.Login_Credential_Test002" name="Login_Test" time="0.038"/>
  <testcase classname="Test_Cases.Login_Credential_Test002" name="Login_Test" time="0.143"/>
  <testcase classname="Test_Cases.Login_Credential_Test002" name="Login_Test" time="0.038"/>
</testsuite> <!-- Test_Cases.Login_Credential_Test002 -->
