<?xml version="1.0" encoding="UTF-8"?>
<!-- Generated by org.testng.reporters.JUnitReportReporter -->
<testsuite hostname="DESKTOP-SKRGRIP" failures="0" tests="4" name="Test_Cases.Registration_Page_Validation" time="0.572" errors="0" timestamp="2024-07-26T14:46:54 IST" skipped="0">
  <testcase classname="Test_Cases.Registration_Page_Validation" name="Login_Test" time="0.102"/>
  <testcase classname="Test_Cases.Registration_Page_Validation" name="Login_Test" time="0.084"/>
  <testcase classname="Test_Cases.Registration_Page_Validation" name="Login_Test" time="0.065"/>
  <testcase classname="Test_Cases.Registration_Page_Validation" name="Login_Test" time="0.321"/>
</testsuite> <!-- Test_Cases.Registration_Page_Validation -->
